TN:
SF:src/store/modules/config.js
FN:12,(anonymous_0)
FN:29,(anonymous_1)
FN:34,(anonymous_2)
FN:41,(anonymous_3)
FN:50,(anonymous_4)
FN:63,(anonymous_5)
FN:70,(anonymous_6)
FN:79,(anonymous_7)
FN:84,(anonymous_8)
FN:89,(anonymous_9)
FN:94,(anonymous_10)
FN:101,(anonymous_11)
FN:142,(anonymous_12)
FN:155,(anonymous_13)
FN:171,(anonymous_14)
FN:176,(anonymous_15)
FN:186,(anonymous_16)
FN:191,(anonymous_17)
FN:202,(anonymous_18)
FN:205,(anonymous_19)
FN:208,(anonymous_20)
FN:211,(anonymous_21)
FN:214,(anonymous_22)
FN:219,(anonymous_23)
FN:226,(anonymous_24)
FN:256,(anonymous_25)
FN:277,(anonymous_26)
FN:293,(anonymous_27)
FN:302,(anonymous_28)
FN:305,(anonymous_29)
FN:322,(anonymous_30)
FN:335,(anonymous_31)
FN:390,(anonymous_32)
FN:394,(anonymous_33)
FN:397,(anonymous_34)
FN:402,(anonymous_35)
FN:422,(anonymous_36)
FN:426,(anonymous_37)
FN:428,(anonymous_38)
FN:445,(anonymous_39)
FN:450,(anonymous_40)
FN:452,(anonymous_41)
FN:469,(anonymous_42)
FN:478,(anonymous_43)
FN:483,(anonymous_44)
FN:490,(anonymous_45)
FN:511,(anonymous_46)
FN:587,(anonymous_47)
FN:603,(anonymous_48)
FN:608,(anonymous_49)
FN:656,(anonymous_50)
FN:673,(anonymous_51)
FN:735,(anonymous_52)
FN:766,(anonymous_53)
FN:766,(anonymous_54)
FN:777,(anonymous_55)
FN:777,(anonymous_56)
FN:778,(anonymous_57)
FN:779,(anonymous_58)
FN:780,(anonymous_59)
FN:780,(anonymous_60)
FN:781,(anonymous_61)
FN:782,(anonymous_62)
FN:783,(anonymous_63)
FN:784,(anonymous_64)
FN:785,(anonymous_65)
FN:786,(anonymous_66)
FN:787,(anonymous_67)
FN:788,(anonymous_68)
FN:788,(anonymous_69)
FNF:70
FNH:37
FNDA:48,(anonymous_0)
FNDA:1,(anonymous_1)
FNDA:1,(anonymous_2)
FNDA:0,(anonymous_3)
FNDA:0,(anonymous_4)
FNDA:1,(anonymous_5)
FNDA:1,(anonymous_6)
FNDA:0,(anonymous_7)
FNDA:0,(anonymous_8)
FNDA:0,(anonymous_9)
FNDA:0,(anonymous_10)
FNDA:4,(anonymous_11)
FNDA:3,(anonymous_12)
FNDA:2,(anonymous_13)
FNDA:2,(anonymous_14)
FNDA:1,(anonymous_15)
FNDA:0,(anonymous_16)
FNDA:0,(anonymous_17)
FNDA:1,(anonymous_18)
FNDA:1,(anonymous_19)
FNDA:1,(anonymous_20)
FNDA:1,(anonymous_21)
FNDA:0,(anonymous_22)
FNDA:0,(anonymous_23)
FNDA:2,(anonymous_24)
FNDA:0,(anonymous_25)
FNDA:0,(anonymous_26)
FNDA:1,(anonymous_27)
FNDA:1,(anonymous_28)
FNDA:0,(anonymous_29)
FNDA:0,(anonymous_30)
FNDA:5,(anonymous_31)
FNDA:0,(anonymous_32)
FNDA:1,(anonymous_33)
FNDA:4,(anonymous_34)
FNDA:2,(anonymous_35)
FNDA:2,(anonymous_36)
FNDA:2,(anonymous_37)
FNDA:6,(anonymous_38)
FNDA:0,(anonymous_39)
FNDA:0,(anonymous_40)
FNDA:0,(anonymous_41)
FNDA:0,(anonymous_42)
FNDA:0,(anonymous_43)
FNDA:0,(anonymous_44)
FNDA:0,(anonymous_45)
FNDA:8,(anonymous_46)
FNDA:1,(anonymous_47)
FNDA:0,(anonymous_48)
FNDA:0,(anonymous_49)
FNDA:0,(anonymous_50)
FNDA:2,(anonymous_51)
FNDA:0,(anonymous_52)
FNDA:0,(anonymous_53)
FNDA:0,(anonymous_54)
FNDA:2,(anonymous_55)
FNDA:2,(anonymous_56)
FNDA:1,(anonymous_57)
FNDA:1,(anonymous_58)
FNDA:1,(anonymous_59)
FNDA:1,(anonymous_60)
FNDA:1,(anonymous_61)
FNDA:1,(anonymous_62)
FNDA:0,(anonymous_63)
FNDA:0,(anonymous_64)
FNDA:1,(anonymous_65)
FNDA:1,(anonymous_66)
FNDA:0,(anonymous_67)
FNDA:0,(anonymous_68)
FNDA:0,(anonymous_69)
DA:4,1
DA:12,48
DA:30,1
DA:31,1
DA:36,1
DA:37,1
DA:42,0
DA:44,0
DA:45,0
DA:46,0
DA:50,0
DA:51,0
DA:52,0
DA:55,0
DA:58,0
DA:64,1
DA:65,1
DA:71,1
DA:72,1
DA:80,0
DA:81,0
DA:85,0
DA:86,0
DA:90,0
DA:91,0
DA:95,0
DA:96,0
DA:102,4
DA:103,4
DA:106,4
DA:107,1
DA:108,1
DA:109,1
DA:112,3
DA:114,3
DA:115,1
DA:116,1
DA:117,1
DA:121,2
DA:122,1
DA:123,1
DA:124,1
DA:128,2
DA:129,1
DA:130,1
DA:133,2
DA:134,2
DA:135,2
DA:136,2
DA:137,2
DA:143,3
DA:146,3
DA:147,1
DA:148,1
DA:153,2
DA:154,2
DA:155,2
DA:158,2
DA:160,1
DA:165,1
DA:166,1
DA:172,2
DA:173,2
DA:174,1
DA:175,1
DA:176,1
DA:177,1
DA:178,1
DA:187,0
DA:188,0
DA:189,0
DA:190,0
DA:191,0
DA:192,0
DA:193,0
DA:203,1
DA:206,1
DA:209,1
DA:212,1
DA:216,0
DA:217,0
DA:220,0
DA:221,0
DA:227,2
DA:228,2
DA:231,2
DA:232,2
DA:236,2
DA:237,1
DA:240,1
DA:243,1
DA:244,0
DA:247,1
DA:251,2
DA:252,2
DA:257,0
DA:258,0
DA:260,0
DA:262,0
DA:263,0
DA:265,0
DA:267,0
DA:269,0
DA:272,0
DA:273,0
DA:278,0
DA:279,0
DA:280,0
DA:281,0
DA:283,0
DA:284,0
DA:287,0
DA:289,0
DA:296,1
DA:298,1
DA:303,1
DA:306,0
DA:313,1
DA:314,1
DA:316,1
DA:318,0
DA:319,0
DA:322,0
DA:324,1
DA:326,1
DA:329,0
DA:331,0
DA:336,5
DA:338,5
DA:339,5
DA:340,5
DA:341,5
DA:343,5
DA:344,1
DA:347,4
DA:348,1
DA:350,1
DA:352,1
DA:354,1
DA:356,1
DA:358,1
DA:360,1
DA:362,1
DA:364,1
DA:366,1
DA:367,1
DA:369,1
DA:370,3
DA:372,1
DA:373,2
DA:375,1
DA:376,1
DA:378,1
DA:384,1
DA:386,1
DA:391,0
DA:392,0
DA:396,1
DA:397,1
DA:399,4
DA:400,3
DA:402,3
DA:403,2
DA:404,2
DA:407,2
DA:411,3
DA:413,1
DA:414,1
DA:417,0
DA:419,0
DA:424,2
DA:425,2
DA:426,2
DA:427,2
DA:428,2
DA:430,6
DA:431,6
DA:435,2
DA:436,2
DA:437,2
DA:440,0
DA:442,0
DA:448,0
DA:449,0
DA:450,0
DA:451,0
DA:452,0
DA:454,0
DA:455,0
DA:459,0
DA:460,0
DA:461,0
DA:464,0
DA:466,0
DA:471,0
DA:472,0
DA:475,0
DA:478,0
DA:480,0
DA:483,0
DA:485,0
DA:488,0
DA:490,0
DA:492,0
DA:493,0
DA:494,0
DA:501,0
DA:502,0
DA:503,0
DA:506,0
DA:508,0
DA:512,8
DA:513,8
DA:515,8
DA:517,8
DA:518,3
DA:519,3
DA:520,3
DA:529,5
DA:530,1
DA:531,1
DA:540,0
DA:545,5
DA:546,1
DA:547,1
DA:548,1
DA:558,0
DA:559,0
DA:562,5
DA:563,1
DA:564,1
DA:573,5
DA:574,1
DA:575,1
DA:588,1
DA:590,1
DA:591,1
DA:593,1
DA:594,1
DA:596,1
DA:598,0
DA:600,0
DA:605,0
DA:608,0
DA:609,0
DA:610,0
DA:613,0
DA:614,0
DA:616,0
DA:617,0
DA:621,0
DA:622,0
DA:623,0
DA:624,0
DA:626,0
DA:629,0
DA:633,0
DA:640,0
DA:641,0
DA:643,0
DA:644,0
DA:650,0
DA:651,0
DA:657,0
DA:658,0
DA:659,0
DA:660,0
DA:662,0
DA:664,0
DA:670,0
DA:675,2
DA:676,2
DA:677,2
DA:679,2
DA:736,0
DA:738,0
DA:739,0
DA:741,0
DA:742,0
DA:743,0
DA:744,0
DA:745,0
DA:746,0
DA:747,0
DA:749,0
DA:750,0
DA:751,0
DA:752,0
DA:753,0
DA:755,0
DA:756,0
DA:766,0
DA:769,0
DA:772,0
DA:773,0
DA:775,0
DA:777,2
DA:778,1
DA:779,1
DA:780,1
DA:781,1
DA:782,1
DA:783,0
DA:784,0
DA:785,1
DA:786,1
DA:787,0
DA:788,0
DA:789,0
LF:309
LH:161
BRDA:5,0,0,1
BRDA:5,0,1,1
BRDA:6,1,0,1
BRDA:6,1,1,1
BRDA:7,2,0,1
BRDA:7,2,1,1
BRDA:25,3,0,48
BRDA:25,3,1,48
BRDA:44,4,0,0
BRDA:44,4,1,0
BRDA:44,5,0,0
BRDA:44,5,1,0
BRDA:44,5,2,0
BRDA:51,6,0,0
BRDA:51,6,1,0
BRDA:51,6,2,0
BRDA:51,7,0,0
BRDA:51,7,1,0
BRDA:106,8,0,1
BRDA:106,8,1,3
BRDA:114,9,0,1
BRDA:114,9,1,2
BRDA:121,10,0,1
BRDA:121,10,1,1
BRDA:128,11,0,1
BRDA:128,11,1,1
BRDA:146,12,0,1
BRDA:146,12,1,2
BRDA:153,13,0,2
BRDA:153,13,1,0
BRDA:153,14,0,2
BRDA:153,14,1,2
BRDA:155,15,0,2
BRDA:155,15,1,0
BRDA:158,16,0,1
BRDA:158,16,1,1
BRDA:173,17,0,1
BRDA:173,17,1,1
BRDA:174,18,0,1
BRDA:174,18,1,0
BRDA:174,19,0,1
BRDA:174,19,1,1
BRDA:177,20,0,1
BRDA:177,20,1,0
BRDA:188,21,0,0
BRDA:188,21,1,0
BRDA:189,22,0,0
BRDA:189,22,1,0
BRDA:189,23,0,0
BRDA:189,23,1,0
BRDA:192,24,0,0
BRDA:192,24,1,0
BRDA:236,25,0,1
BRDA:236,25,1,1
BRDA:236,26,0,2
BRDA:236,26,1,2
BRDA:243,27,0,0
BRDA:243,27,1,1
BRDA:263,28,0,0
BRDA:263,28,1,0
BRDA:265,29,0,0
BRDA:265,29,1,0
BRDA:265,30,0,0
BRDA:265,30,1,0
BRDA:265,30,2,0
BRDA:281,31,0,0
BRDA:281,31,1,0
BRDA:283,32,0,0
BRDA:283,32,1,0
BRDA:318,33,0,0
BRDA:318,33,1,0
BRDA:343,34,0,1
BRDA:343,34,1,4
BRDA:343,35,0,5
BRDA:343,35,1,4
BRDA:347,36,0,1
BRDA:347,36,1,3
BRDA:370,37,0,1
BRDA:370,37,1,2
BRDA:373,38,0,1
BRDA:373,38,1,1
BRDA:376,39,0,1
BRDA:376,39,1,0
BRDA:399,40,0,1
BRDA:399,40,1,3
BRDA:404,41,0,0
BRDA:404,41,1,2
BRDA:407,42,0,2
BRDA:407,42,1,2
BRDA:407,42,2,2
BRDA:427,43,0,2
BRDA:427,43,1,0
BRDA:451,44,0,0
BRDA:451,44,1,0
BRDA:480,45,0,0
BRDA:480,45,1,0
BRDA:485,46,0,0
BRDA:485,46,1,0
BRDA:488,47,0,0
BRDA:488,47,1,0
BRDA:488,48,0,0
BRDA:488,48,1,0
BRDA:493,49,0,0
BRDA:493,49,1,0
BRDA:517,50,0,3
BRDA:517,50,1,5
BRDA:517,51,0,8
BRDA:517,51,1,7
BRDA:517,51,2,6
BRDA:517,51,3,6
BRDA:529,52,0,1
BRDA:529,52,1,4
BRDA:532,53,0,1
BRDA:532,53,1,0
BRDA:533,54,0,1
BRDA:533,54,1,0
BRDA:535,55,0,1
BRDA:535,55,1,0
BRDA:536,56,0,1
BRDA:536,56,1,0
BRDA:545,57,0,1
BRDA:545,57,1,4
BRDA:562,58,0,1
BRDA:562,58,1,4
BRDA:573,59,0,1
BRDA:573,59,1,4
BRDA:588,60,0,0
BRDA:588,60,1,1
BRDA:609,61,0,0
BRDA:609,61,1,0
BRDA:613,62,0,0
BRDA:613,62,1,0
BRDA:613,63,0,0
BRDA:613,63,1,0
BRDA:621,64,0,0
BRDA:621,64,1,0
BRDA:621,65,0,0
BRDA:621,65,1,0
BRDA:643,66,0,0
BRDA:643,66,1,0
BRDA:650,67,0,0
BRDA:650,67,1,0
BRDA:662,68,0,0
BRDA:662,68,1,0
BRDA:739,69,0,0
BRDA:739,69,1,0
BRDA:743,70,0,0
BRDA:743,70,1,0
BRDA:747,71,0,0
BRDA:747,71,1,0
BRDA:747,72,0,0
BRDA:747,72,1,0
BRDA:747,72,2,0
BRDA:749,73,0,0
BRDA:749,73,1,0
BRDA:751,74,0,0
BRDA:751,74,1,0
BRDA:777,75,0,2
BRDA:777,75,1,1
BRDA:780,76,0,1
BRDA:780,76,1,0
BRDA:789,77,0,0
BRDA:789,77,1,0
BRF:163
BRH:75
end_of_record
